Drill report for D:\Academics_N_Work\AAST\Semester9\Grad I\Electrical\BuckCircuit\v1\v1_BMR480\v1_BMR480.kicad_pcb
Created on 04-Apr-21 11:39:32 PM

Copper Layer Stackup:
    =============================================================
    L1 :  F.Cu                      front
    L2 :  B.Cu                      back


Drill file 'v1_BMR480-PTH.drl' contains
    plated through holes:
    =============================================================
    T1  0.70mm  0.028"  (2 holes)
    T2  0.90mm  0.035"  (2 holes)
    T3  0.95mm  0.037"  (6 holes)
    T4  1.00mm  0.039"  (10 holes)
    T5  1.30mm  0.051"  (3 holes)
    T6  1.65mm  0.065"  (16 holes)  (with 16 slots)
    T7  1.85mm  0.073"  (4 holes)

    Total plated holes count 43


Drill file 'v1_BMR480-NPTH.drl' contains
    unplated through holes:
    =============================================================

    Total unplated holes count 0
